<?xml version="1.0" encoding="UTF-8"?>
<!-- Generated by org.testng.reporters.JUnitReportReporter -->
<testsuite hostname="Hoang-Tuan" failures="0" tests="1" name="tests.HomePageTest" time="3.747" errors="0" timestamp="2025-03-03T23:15:00 ICT" skipped="0">
  <testcase classname="tests.HomePageTest" name="test001" time="3.747"/>
</testsuite> <!-- tests.HomePageTest -->
